<?xml version="1.0" encoding="UTF-8"?>
<testsuite name="com.typewritermc.protection.flags.FlagEvaluationServiceTest" tests="4" skipped="0" failures="0" errors="0" timestamp="2025-11-10T20:17:21.597Z" hostname="ATEM" time="0.981">
  <properties/>
  <testcase name="inherits parent bindings and caches resolved graphs" classname="com.typewritermc.protection.flags.FlagEvaluationServiceTest" time="0.933"/>
  <testcase name="evaluates bindings by descending region priority" classname="com.typewritermc.protection.flags.FlagEvaluationServiceTest" time="0.023"/>
  <testcase name="skips incompatible binding types while logging diagnostics" classname="com.typewritermc.protection.flags.FlagEvaluationServiceTest" time="0.009"/>
  <testcase name="invalidate cascades through the hierarchy and emits update events" classname="com.typewritermc.protection.flags.FlagEvaluationServiceTest" time="0.011"/>
  <system-out><![CDATA[21:17:21.226 [Test worker @coroutine#2] DEBUG io.mockk.impl.instantiation.AbstractMockFactory -- Creating mockk for RegionRepository name=#1
21:17:21.599 [pool-1-thread-1 @coroutine#5] WARN RegionFlagRegistry -- Handler type FlagValue is incompatible with interact (expected Boolean)
21:17:21.600 [pool-1-thread-1 @coroutine#5] WARN RegionFlagRegistry -- Handler type FlagValue is incompatible with item-drop (expected Boolean)
21:17:21.800 [pool-1-thread-1 @coroutine#5] DEBUG io.mockk.impl.instantiation.AbstractMockFactory -- Creating mockk for RegionModel name=child of #1#2
21:17:21.805 [pool-1-thread-1 @coroutine#5] DEBUG io.mockk.impl.instantiation.AbstractMockFactory -- Creating mockk for RegionModel name=child of #1#3
21:17:21.813 [pool-1-thread-1 @coroutine#5] DEBUG io.mockk.impl.instantiation.AbstractMockFactory -- Creating mockk for World name=#4
21:17:22.451 [pool-1-thread-1 @coroutine#5] DEBUG io.mockk.impl.instantiation.AbstractMockFactory -- Creating mockk for Event name=#5
21:17:22.500 [pool-1-thread-1 @coroutine#5] DEBUG io.mockk.impl.recording.states.AnsweringState -- Answering RegionModel(regionId=parent, definition=com.typewritermc.protection.entry.region.RegionDefinitionEntry@12497757, artifact=null, shape=CuboidShape(corner1=Position(world=World(identifier=), x=0.0, y=0.0, z=0.0, yaw=0.0, pitch=0.0), corner2=Position(world=World(identifier=), x=0.0, y=0.0, z=0.0, yaw=0.0, pitch=0.0)), owners=[], members=[], groups=[], priority=1, flags=[FlagBinding(key=BUILD, value=Boolean(enabled=false))], parentId=null, children=[child]) on RegionRepository(#1).findById(parent)
21:17:22.503 [pool-1-thread-1 @coroutine#5] DEBUG FlagEvaluationService -- Flag build denied action in region child (source parent)
21:17:22.511 [pool-1-thread-1 @coroutine#5] DEBUG FlagEvaluationService -- Flag build denied action in region child (source parent)
21:17:22.534 [pool-1-thread-1 @coroutine#6] WARN RegionFlagRegistry -- Handler type FlagValue is incompatible with interact (expected Boolean)
21:17:22.534 [pool-1-thread-1 @coroutine#6] WARN RegionFlagRegistry -- Handler type FlagValue is incompatible with item-drop (expected Boolean)
21:17:22.535 [pool-1-thread-1 @coroutine#6] WARN RegionFlagRegistry -- Handler type FlagValue is incompatible with interact (expected Boolean)
21:17:22.536 [pool-1-thread-1 @coroutine#6] DEBUG io.mockk.impl.instantiation.AbstractMockFactory -- Creating mockk for RegionModel name=child of #1#6
21:17:22.537 [pool-1-thread-1 @coroutine#6] DEBUG io.mockk.impl.instantiation.AbstractMockFactory -- Creating mockk for RegionModel name=child of #1#7
21:17:22.538 [pool-1-thread-1 @coroutine#6] DEBUG io.mockk.impl.instantiation.AbstractMockFactory -- Creating mockk for RegionModel name=child of #1#8
21:17:22.538 [pool-1-thread-1 @coroutine#6] DEBUG io.mockk.impl.instantiation.AbstractMockFactory -- Creating mockk for World name=#9
21:17:22.538 [pool-1-thread-1 @coroutine#6] DEBUG io.mockk.impl.instantiation.AbstractMockFactory -- Creating mockk for Event name=#10
21:17:22.539 [pool-1-thread-1 @coroutine#6] DEBUG io.mockk.impl.recording.states.AnsweringState -- Answering RegionModel(regionId=mid, definition=com.typewritermc.protection.entry.region.RegionDefinitionEntry@40a5ffda, artifact=null, shape=CuboidShape(corner1=Position(world=World(identifier=), x=0.0, y=0.0, z=0.0, yaw=0.0, pitch=0.0), corner2=Position(world=World(identifier=), x=0.0, y=0.0, z=0.0, yaw=0.0, pitch=0.0)), owners=[], members=[], groups=[], priority=20, flags=[FlagBinding(key=INTERACT, value=Boolean(enabled=true))], parentId=root, children=[leaf]) on RegionRepository(#1).findById(mid)
21:17:22.539 [pool-1-thread-1 @coroutine#6] DEBUG io.mockk.impl.recording.states.AnsweringState -- Answering RegionModel(regionId=root, definition=com.typewritermc.protection.entry.region.RegionDefinitionEntry@8311b0a, artifact=null, shape=CuboidShape(corner1=Position(world=World(identifier=), x=0.0, y=0.0, z=0.0, yaw=0.0, pitch=0.0), corner2=Position(world=World(identifier=), x=0.0, y=0.0, z=0.0, yaw=0.0, pitch=0.0)), owners=[], members=[], groups=[], priority=30, flags=[FlagBinding(key=INTERACT, value=Boolean(enabled=false))], parentId=null, children=[mid]) on RegionRepository(#1).findById(root)
21:17:22.558 [pool-1-thread-1 @coroutine#7] WARN RegionFlagRegistry -- Handler type FlagValue is incompatible with interact (expected Boolean)
21:17:22.558 [pool-1-thread-1 @coroutine#7] WARN RegionFlagRegistry -- Handler type FlagValue is incompatible with item-drop (expected Boolean)
21:17:22.559 [pool-1-thread-1 @coroutine#7] WARN RegionFlagRegistry -- Handler type IntValue is incompatible with item-drop (expected Boolean)
21:17:22.560 [pool-1-thread-1 @coroutine#7] DEBUG io.mockk.impl.instantiation.AbstractMockFactory -- Creating mockk for RegionModel name=child of #1#11
21:17:22.561 [pool-1-thread-1 @coroutine#7] DEBUG io.mockk.impl.instantiation.AbstractMockFactory -- Creating mockk for World name=#12
21:17:22.561 [pool-1-thread-1 @coroutine#7] DEBUG io.mockk.impl.instantiation.AbstractMockFactory -- Creating mockk for Event name=#13
21:17:22.561 [pool-1-thread-1 @coroutine#7] DEBUG FlagEvaluationService -- Skipping flag item-drop binding from demo due to incompatible value Boolean
21:17:22.568 [pool-1-thread-1 @coroutine#8] WARN RegionFlagRegistry -- Handler type FlagValue is incompatible with interact (expected Boolean)
21:17:22.568 [pool-1-thread-1 @coroutine#8] WARN RegionFlagRegistry -- Handler type FlagValue is incompatible with item-drop (expected Boolean)
21:17:22.574 [pool-1-thread-1 @coroutine#8] DEBUG io.mockk.impl.recording.states.AnsweringState -- Answering RegionModel(regionId=parent, definition=com.typewritermc.protection.entry.region.RegionDefinitionEntry@5b9d0e63, artifact=null, shape=CuboidShape(corner1=Position(world=World(identifier=), x=0.0, y=0.0, z=0.0, yaw=0.0, pitch=0.0), corner2=Position(world=World(identifier=), x=0.0, y=0.0, z=0.0, yaw=0.0, pitch=0.0)), owners=[], members=[], groups=[], priority=1, flags=[], parentId=null, children=[child]) on RegionRepository(#1).findById(parent)
21:17:22.575 [pool-1-thread-1 @coroutine#8] DEBUG io.mockk.impl.recording.states.AnsweringState -- Answering RegionModel(regionId=child, definition=com.typewritermc.protection.entry.region.RegionDefinitionEntry@9a5cef8, artifact=null, shape=CuboidShape(corner1=Position(world=World(identifier=), x=0.0, y=0.0, z=0.0, yaw=0.0, pitch=0.0), corner2=Position(world=World(identifier=), x=0.0, y=0.0, z=0.0, yaw=0.0, pitch=0.0)), owners=[], members=[], groups=[], priority=2, flags=[], parentId=null, children=[]) on RegionRepository(#1).findById(child)
]]></system-out>
  <system-err><![CDATA[WARNING: A Java agent has been loaded dynamically (C:\Users\rlpir\.gradle\caches\modules-2\files-2.1\net.bytebuddy\byte-buddy-agent\1.14.6\46e2545d7a97b6ccb195621650c5957279eb4812\byte-buddy-agent-1.14.6.jar)
WARNING: If a serviceability tool is in use, please run with -XX:+EnableDynamicAgentLoading to hide this warning
WARNING: If a serviceability tool is not in use, please run with -Djdk.instrument.traceUsage for more information
WARNING: Dynamic loading of agents will be disallowed by default in a future release
]]></system-err>
</testsuite>
