<?xml version="1.0" encoding="UTF-8"?>
<testsuite name="com.sk89q.worldguard.protection.FlagValueCalculatorMapFlagTest" tests="3" skipped="0" failures="0" errors="0" timestamp="2025-11-03T07:42:36" hostname="ATEM" time="0.004">
  <properties/>
  <testcase name="testGetEffectiveMapFlagWithSamePriority()" classname="com.sk89q.worldguard.protection.FlagValueCalculatorMapFlagTest" time="0.0"/>
  <testcase name="testGetEffectiveMapFlagWithInheritance()" classname="com.sk89q.worldguard.protection.FlagValueCalculatorMapFlagTest" time="0.0"/>
  <testcase name="testGetEffectiveMapFlagWithFallback()" classname="com.sk89q.worldguard.protection.FlagValueCalculatorMapFlagTest" time="0.001"/>
  <system-out><![CDATA[]]></system-out>
  <system-err><![CDATA[]]></system-err>
</testsuite>
