<?xml version="1.0" encoding="UTF-8"?>
<testsuite name="com.sk89q.worldguard.protection.regions.RegionIntersectTest" tests="2" skipped="0" failures="0" errors="0" timestamp="2025-11-03T07:42:36" hostname="ATEM" time="0.177">
  <properties/>
  <testcase name="testCuboidGetIntersectingRegions()" classname="com.sk89q.worldguard.protection.regions.RegionIntersectTest" time="0.172"/>
  <testcase name="testIntersection()" classname="com.sk89q.worldguard.protection.regions.RegionIntersectTest" time="0.005"/>
  <system-out><![CDATA[]]></system-out>
  <system-err><![CDATA[]]></system-err>
</testsuite>
