<?xml version="1.0" encoding="UTF-8"?>
<testsuite name="com.sk89q.worldguard.protection.FlagValueCalculatorTest" tests="93" skipped="0" failures="0" errors="0" timestamp="2025-11-03T07:42:36" hostname="ATEM" time="0.107">
  <properties/>
  <testcase name="testGetEffectiveFlagMEMBERSGroupOwner()" classname="com.sk89q.worldguard.protection.FlagValueCalculatorTest" time="0.001"/>
  <testcase name="testQueryValueMultipleFlags()" classname="com.sk89q.worldguard.protection.FlagValueCalculatorTest" time="0.001"/>
  <testcase name="testQueryAllValuesParentWithHigherPriority()" classname="com.sk89q.worldguard.protection.FlagValueCalculatorTest" time="0.002"/>
  <testcase name="testQueryValueDenyOverridesAllow()" classname="com.sk89q.worldguard.protection.FlagValueCalculatorTest" time="0.0"/>
  <testcase name="testQueryValueBuildFlagRegionsOverlappingInheritanceFromChildAndPriority()" classname="com.sk89q.worldguard.protection.FlagValueCalculatorTest" time="0.0"/>
  <testcase name="testGetEffectiveFlagInheritanceAndDifferingGroupsMemberOnChild()" classname="com.sk89q.worldguard.protection.FlagValueCalculatorTest" time="0.0"/>
  <testcase name="testQueryAllValuesParentChildWithSamePriority()" classname="com.sk89q.worldguard.protection.FlagValueCalculatorTest" time="0.0"/>
  <testcase name="testGetMembershipThirdPriorityLower()" classname="com.sk89q.worldguard.protection.FlagValueCalculatorTest" time="0.001"/>
  <testcase name="testGetEffectiveFlagNONMEMBERSGroupOwner()" classname="com.sk89q.worldguard.protection.FlagValueCalculatorTest" time="0.001"/>
  <testcase name="testQueryValueBuildFlagWilderness()" classname="com.sk89q.worldguard.protection.FlagValueCalculatorTest" time="0.0"/>
  <testcase name="testGetEffectiveFlagWithALLGroupAndNull()" classname="com.sk89q.worldguard.protection.FlagValueCalculatorTest" time="0.0"/>
  <testcase name="testGetEffectiveFlagMEMBERSGroupNonMember()" classname="com.sk89q.worldguard.protection.FlagValueCalculatorTest" time="0.001"/>
  <testcase name="testGetEffectiveFlagInheritanceAndDifferingGroupsMemberOnParentFlagOnBottom()" classname="com.sk89q.worldguard.protection.FlagValueCalculatorTest" time="0.001"/>
  <testcase name="testGetEffectiveFlagThreeInheritance()" classname="com.sk89q.worldguard.protection.FlagValueCalculatorTest" time="0.0"/>
  <testcase name="testGetEffectiveFlagOWNERSGroupMember()" classname="com.sk89q.worldguard.protection.FlagValueCalculatorTest" time="0.0"/>
  <testcase name="testQueryValueBuildFlagWildernessAndGlobalRegionDeny()" classname="com.sk89q.worldguard.protection.FlagValueCalculatorTest" time="0.001"/>
  <testcase name="testQueryValueBuildFlagRegionsOverlappingDifferingPriority()" classname="com.sk89q.worldguard.protection.FlagValueCalculatorTest" time="0.001"/>
  <testcase name="testQueryValueGlobalRegionDeny()" classname="com.sk89q.worldguard.protection.FlagValueCalculatorTest" time="0.0"/>
  <testcase name="testQueryValueBuildFlagRegionsOverlappingAndGlobalRegionDenyRegionOverrideDenyAndAllow()" classname="com.sk89q.worldguard.protection.FlagValueCalculatorTest" time="0.0"/>
  <testcase name="testQueryValueGlobalRegionAllow()" classname="com.sk89q.worldguard.protection.FlagValueCalculatorTest" time="0.001"/>
  <testcase name="testGetMembershipPassthroughAndRegionMemberOfWithAnotherChild()" classname="com.sk89q.worldguard.protection.FlagValueCalculatorTest" time="0.0"/>
  <testcase name="testQueryValueBuildFlagWildernessAndGlobalRegionAllow()" classname="com.sk89q.worldguard.protection.FlagValueCalculatorTest" time="0.0"/>
  <testcase name="testQueryValueStringFlagWithGlobalRegionAndRegionOverride()" classname="com.sk89q.worldguard.protection.FlagValueCalculatorTest" time="0.001"/>
  <testcase name="testGetMembershipWilderness()" classname="com.sk89q.worldguard.protection.FlagValueCalculatorTest" time="0.0"/>
  <testcase name="testQueryValueBuildFlagWildernessAndGlobalRegion()" classname="com.sk89q.worldguard.protection.FlagValueCalculatorTest" time="0.001"/>
  <testcase name="testGetEffectiveFlagInheritanceAndDifferingGroupsMemberOnParent()" classname="com.sk89q.worldguard.protection.FlagValueCalculatorTest" time="0.0"/>
  <testcase name="testQueryAllValuesWithHigherPriority()" classname="com.sk89q.worldguard.protection.FlagValueCalculatorTest" time="0.0"/>
  <testcase name="testGetEffectiveFlagNONOWNERSGroupMember()" classname="com.sk89q.worldguard.protection.FlagValueCalculatorTest" time="0.0"/>
  <testcase name="testGetEffectiveFlagNONMEMBERSGroupNonMember()" classname="com.sk89q.worldguard.protection.FlagValueCalculatorTest" time="0.001"/>
  <testcase name="testQueryValueStringFlag()" classname="com.sk89q.worldguard.protection.FlagValueCalculatorTest" time="0.001"/>
  <testcase name="testQueryValueBuildFlagRegionsOverlappingInheritanceFromChildAndPriorityPassthrough()" classname="com.sk89q.worldguard.protection.FlagValueCalculatorTest" time="0.0"/>
  <testcase name="testGetEffectiveFlagNONOWNERSNonMember()" classname="com.sk89q.worldguard.protection.FlagValueCalculatorTest" time="0.0"/>
  <testcase name="testQueryAllValuesTwoWithDuplicateFlagValues()" classname="com.sk89q.worldguard.protection.FlagValueCalculatorTest" time="0.008"/>
  <testcase name="testGetMembershipPassthroughAndRegionMemberOfWithAnotherChildAndAnother()" classname="com.sk89q.worldguard.protection.FlagValueCalculatorTest" time="0.011"/>
  <testcase name="testQueryValueStringFlagWithGlobalRegion()" classname="com.sk89q.worldguard.protection.FlagValueCalculatorTest" time="0.001"/>
  <testcase name="testGetMembershipPassthroughAndRegionMemberOf()" classname="com.sk89q.worldguard.protection.FlagValueCalculatorTest" time="0.002"/>
  <testcase name="testGetEffectiveFlagMEMBERSGroupMember()" classname="com.sk89q.worldguard.protection.FlagValueCalculatorTest" time="0.002"/>
  <testcase name="testQueryValueBuildFlagWildernessAndGlobalRegionMembershipAndAllow()" classname="com.sk89q.worldguard.protection.FlagValueCalculatorTest" time="0.001"/>
  <testcase name="testQueryAllValuesParentWithLowerPriority()" classname="com.sk89q.worldguard.protection.FlagValueCalculatorTest" time="0.001"/>
  <testcase name="testQueryValueBuildFlagWildernessAndGlobalRegionMembershipAndDeny()" classname="com.sk89q.worldguard.protection.FlagValueCalculatorTest" time="0.001"/>
  <testcase name="testGetEffectiveFlagInheritanceAndDifferingGroupsMemberOnParentFlagOnBottomGroupOutside()" classname="com.sk89q.worldguard.protection.FlagValueCalculatorTest" time="0.001"/>
  <testcase name="testGetMembershipWildernessWithGlobalRegion()" classname="com.sk89q.worldguard.protection.FlagValueCalculatorTest" time="0.0"/>
  <testcase name="testQueryValueStringFlagWithGlobalRegionValueSet()" classname="com.sk89q.worldguard.protection.FlagValueCalculatorTest" time="0.0"/>
  <testcase name="testQueryValueBuildFlagRegionsOverlappingAndGlobalRegionMembershipAndGlobalDeny()" classname="com.sk89q.worldguard.protection.FlagValueCalculatorTest" time="0.001"/>
  <testcase name="testGetEffectiveFlagNONMEMBERSGroupNull()" classname="com.sk89q.worldguard.protection.FlagValueCalculatorTest" time="0.0"/>
  <testcase name="testQueryAllValuesThirdRegionWithHigherPriorityThanParentChild()" classname="com.sk89q.worldguard.protection.FlagValueCalculatorTest" time="0.0"/>
  <testcase name="testGetMembershipGlobalRegion()" classname="com.sk89q.worldguard.protection.FlagValueCalculatorTest" time="0.001"/>
  <testcase name="testGetEffectiveFlagGlobalRegionBuild()" classname="com.sk89q.worldguard.protection.FlagValueCalculatorTest" time="0.0"/>
  <testcase name="testQueryValueBuildFlagRegionsOverlappingAndGlobalRegionMembership()" classname="com.sk89q.worldguard.protection.FlagValueCalculatorTest" time="0.001"/>
  <testcase name="testQueryValueAllowOverridesNone()" classname="com.sk89q.worldguard.protection.FlagValueCalculatorTest" time="0.001"/>
  <testcase name="testQueryValueFlagsWithRegionGroupsAndPriority()" classname="com.sk89q.worldguard.protection.FlagValueCalculatorTest" time="0.001"/>
  <testcase name="testGetEffectiveFlagMEMBERSGroupNull()" classname="com.sk89q.worldguard.protection.FlagValueCalculatorTest" time="0.002"/>
  <testcase name="testQueryStateWilderness()" classname="com.sk89q.worldguard.protection.FlagValueCalculatorTest" time="0.001"/>
  <testcase name="testQueryValueBuildFlagWildernessAndGlobalRegionMembership()" classname="com.sk89q.worldguard.protection.FlagValueCalculatorTest" time="0.0"/>
  <testcase name="testGetEffectiveFlagSingleRegion()" classname="com.sk89q.worldguard.protection.FlagValueCalculatorTest" time="0.006"/>
  <testcase name="testQueryAllValuesParentsAndInheritanceHighPriorityAndNoFlag()" classname="com.sk89q.worldguard.protection.FlagValueCalculatorTest" time="0.001"/>
  <testcase name="testGetEffectiveFlagNONOWNERSGroupOwner()" classname="com.sk89q.worldguard.protection.FlagValueCalculatorTest" time="0.0"/>
  <testcase name="testGetMembershipPassthroughAndRegion()" classname="com.sk89q.worldguard.protection.FlagValueCalculatorTest" time="0.001"/>
  <testcase name="testQueryValueEmptyGlobalRegion()" classname="com.sk89q.worldguard.protection.FlagValueCalculatorTest" time="0.0"/>
  <testcase name="testGetEffectiveFlagWithALLGroupAndNonMember()" classname="com.sk89q.worldguard.protection.FlagValueCalculatorTest" time="0.0"/>
  <testcase name="testQueryValueBuildFlagRegionsOverlappingAndGlobalRegionAllow()" classname="com.sk89q.worldguard.protection.FlagValueCalculatorTest" time="0.001"/>
  <testcase name="testGetEffectiveFlagNONOWNERSGroupNonMember()" classname="com.sk89q.worldguard.protection.FlagValueCalculatorTest" time="0.001"/>
  <testcase name="testQueryValueBuildFlagRegion()" classname="com.sk89q.worldguard.protection.FlagValueCalculatorTest" time="0.0"/>
  <testcase name="testGetEffectiveFlagGlobalRegionBuildDeny()" classname="com.sk89q.worldguard.protection.FlagValueCalculatorTest" time="0.0"/>
  <testcase name="testGetMembershipPassthroughAndRegionMemberOfWithHigherPriorityAndAnotherNot()" classname="com.sk89q.worldguard.protection.FlagValueCalculatorTest" time="0.001"/>
  <testcase name="testGetEffectiveFlagInheritanceAndDifferingGroups()" classname="com.sk89q.worldguard.protection.FlagValueCalculatorTest" time="0.0"/>
  <testcase name="testQueryValueBuildFlagRegionsOverlappingAndGlobalRegionDenyRegionOverride()" classname="com.sk89q.worldguard.protection.FlagValueCalculatorTest" time="0.001"/>
  <testcase name="testGetEffectiveFlagOWNERSGroupOwner()" classname="com.sk89q.worldguard.protection.FlagValueCalculatorTest" time="0.001"/>
  <testcase name="testGetEffectivePriority()" classname="com.sk89q.worldguard.protection.FlagValueCalculatorTest" time="0.001"/>
  <testcase name="testGetMembershipGlobalRegionAndRegion()" classname="com.sk89q.worldguard.protection.FlagValueCalculatorTest" time="0.0"/>
  <testcase name="testGetMembershipPassthroughRegions()" classname="com.sk89q.worldguard.protection.FlagValueCalculatorTest" time="0.001"/>
  <testcase name="testQueryValueBuildFlagRegionsOverlappingAndGlobalRegion()" classname="com.sk89q.worldguard.protection.FlagValueCalculatorTest" time="0.001"/>
  <testcase name="testQueryAllValuesParentWithSamePriorityAsHighest()" classname="com.sk89q.worldguard.protection.FlagValueCalculatorTest" time="0.001"/>
  <testcase name="testGetEffectivePriorityGlobalRegion()" classname="com.sk89q.worldguard.protection.FlagValueCalculatorTest" time="0.0"/>
  <testcase name="testQueryValueBuildFlagRegionsOverlappingInheritanceFromParent()" classname="com.sk89q.worldguard.protection.FlagValueCalculatorTest" time="0.001"/>
  <testcase name="testQueryValueSingleRegion()" classname="com.sk89q.worldguard.protection.FlagValueCalculatorTest" time="0.0"/>
  <testcase name="testQueryAllValuesParentsAndInheritance()" classname="com.sk89q.worldguard.protection.FlagValueCalculatorTest" time="0.001"/>
  <testcase name="testQueryValueBuildFlagRegionsOverlapping()" classname="com.sk89q.worldguard.protection.FlagValueCalculatorTest" time="0.0"/>
  <testcase name="testGetEffectiveFlagThreeInheritanceLastOverride()" classname="com.sk89q.worldguard.protection.FlagValueCalculatorTest" time="0.0"/>
  <testcase name="testGetEffectiveFlagThreeInheritanceMiddleOverride()" classname="com.sk89q.worldguard.protection.FlagValueCalculatorTest" time="0.001"/>
  <testcase name="testGetEffectiveFlagGlobalRegionBuildAllow()" classname="com.sk89q.worldguard.protection.FlagValueCalculatorTest" time="0.0"/>
  <testcase name="testQueryAllValuesTwoWithSamePriority()" classname="com.sk89q.worldguard.protection.FlagValueCalculatorTest" time="0.001"/>
  <testcase name="testQueryValueFlagsWithRegionGroupsAndInheritance()" classname="com.sk89q.worldguard.protection.FlagValueCalculatorTest" time="0.001"/>
  <testcase name="testQueryValueBuildFlagRegionsOverlappingAndGlobalRegionMembershipAndGlobalAllow()" classname="com.sk89q.worldguard.protection.FlagValueCalculatorTest" time="0.0"/>
  <testcase name="testQueryValueStringFlagWithEverything()" classname="com.sk89q.worldguard.protection.FlagValueCalculatorTest" time="0.001"/>
  <testcase name="testGetMembershipPassthroughAndRegionMemberOfAndAnotherNot()" classname="com.sk89q.worldguard.protection.FlagValueCalculatorTest" time="0.0"/>
  <testcase name="testGetMembershipPassthroughAndRegionMemberOfWithAnotherParent()" classname="com.sk89q.worldguard.protection.FlagValueCalculatorTest" time="0.0"/>
  <testcase name="testQueryAllValuesWithTwoElevatedPriorities()" classname="com.sk89q.worldguard.protection.FlagValueCalculatorTest" time="0.0"/>
  <testcase name="testQueryValueBuildFlagRegionsOverlappingInheritanceFromChild()" classname="com.sk89q.worldguard.protection.FlagValueCalculatorTest" time="0.001"/>
  <testcase name="testGetMembershipPassthroughAndRegionMemberOfAndAnotherNotWithHigherPriority()" classname="com.sk89q.worldguard.protection.FlagValueCalculatorTest" time="0.0"/>
  <testcase name="testQueryValueStringFlagWithGlobalRegionAndRegion()" classname="com.sk89q.worldguard.protection.FlagValueCalculatorTest" time="0.0"/>
  <testcase name="testQueryValueFlagsWithRegionGroupsAndPriorityAndOveride()" classname="com.sk89q.worldguard.protection.FlagValueCalculatorTest" time="0.001"/>
  <testcase name="testQueryValueFlagsWithRegionGroupsAndInheritanceAndParentMember()" classname="com.sk89q.worldguard.protection.FlagValueCalculatorTest" time="0.0"/>
  <system-out><![CDATA[]]></system-out>
  <system-err><![CDATA[]]></system-err>
</testsuite>
